app/build/intermediates/manifest_merge_blame_file/debug/processDebugMainManifest/manifest-merger-blame-debug-report.txt
1<?xml version="1.0" encoding="utf-8"?>
2<manifest xmlns:android="http://schemas.android.com/apk/res/android"
3    package="com.example.syncclipboard"
4    android:versionCode="1"
5    android:versionName="1.0" >
6
7    <uses-sdk
8        android:minSdkVersion="31"
9        android:targetSdkVersion="35" />
10
11    <!-- 访问 SyncClipboard 服务器需要网络权限 -->
12    <uses-permission android:name="android.permission.INTERNET" />
12-->src\main\AndroidManifest.xml:5:5-67
12-->src\main\AndroidManifest.xml:5:22-64
13
14    <permission
14-->[androidx.core:core:1.13.1] AndroidManifest.xml:22:5-24:47
15        android:name="com.example.syncclipboard.DYNAMIC_RECEIVER_NOT_EXPORTED_PERMISSION"
15-->[androidx.core:core:1.13.1] AndroidManifest.xml:23:9-81
16        android:protectionLevel="signature" />
16-->[androidx.core:core:1.13.1] AndroidManifest.xml:24:9-44
17
18    <uses-permission android:name="com.example.syncclipboard.DYNAMIC_RECEIVER_NOT_EXPORTED_PERMISSION" />
18-->[androidx.core:core:1.13.1] AndroidManifest.xml:26:5-97
18-->[androidx.core:core:1.13.1] AndroidManifest.xml:26:22-94
19
20    <application
20-->src\main\AndroidManifest.xml:7:5-63:19
21        android:allowBackup="true"
21-->src\main\AndroidManifest.xml:8:9-35
22        android:appComponentFactory="androidx.core.app.CoreComponentFactory"
22-->[androidx.core:core:1.13.1] AndroidManifest.xml:28:18-86
23        android:debuggable="true"
24        android:extractNativeLibs="false"
25        android:icon="@drawable/ic_launcher"
25-->src\main\AndroidManifest.xml:9:9-45
26        android:label="@string/app_name"
26-->src\main\AndroidManifest.xml:10:9-41
27        android:roundIcon="@drawable/ic_launcher"
27-->src\main\AndroidManifest.xml:11:9-50
28        android:supportsRtl="true"
28-->src\main\AndroidManifest.xml:12:9-35
29        android:testOnly="true"
30        android:theme="@style/Theme.SyncClipboard"
30-->src\main\AndroidManifest.xml:13:9-51
31        android:usesCleartextTraffic="true" >
31-->src\main\AndroidManifest.xml:14:9-44
32        <activity
32-->src\main\AndroidManifest.xml:16:9-23:20
33            android:name="com.example.syncclipboard.SettingsActivity"
33-->src\main\AndroidManifest.xml:17:13-45
34            android:exported="true" >
34-->src\main\AndroidManifest.xml:18:13-36
35            <intent-filter>
35-->src\main\AndroidManifest.xml:19:13-22:29
36                <action android:name="android.intent.action.MAIN" />
36-->src\main\AndroidManifest.xml:20:17-69
36-->src\main\AndroidManifest.xml:20:25-66
37
38                <category android:name="android.intent.category.LAUNCHER" />
38-->src\main\AndroidManifest.xml:21:17-77
38-->src\main\AndroidManifest.xml:21:27-74
39            </intent-filter>
40        </activity>
41        <activity
41-->src\main\AndroidManifest.xml:25:9-27:40
42            android:name="com.example.syncclipboard.ProgressActivity"
42-->src\main\AndroidManifest.xml:26:13-45
43            android:exported="false" />
43-->src\main\AndroidManifest.xml:27:13-37
44        <activity
44-->src\main\AndroidManifest.xml:29:9-37:20
45            android:name="com.example.syncclipboard.ShareReceiveActivity"
45-->src\main\AndroidManifest.xml:30:13-49
46            android:exported="true" >
46-->src\main\AndroidManifest.xml:31:13-36
47            <intent-filter>
47-->src\main\AndroidManifest.xml:32:13-36:29
48                <action android:name="android.intent.action.SEND" />
48-->src\main\AndroidManifest.xml:33:17-69
48-->src\main\AndroidManifest.xml:33:25-66
49
50                <category android:name="android.intent.category.DEFAULT" />
50-->src\main\AndroidManifest.xml:34:17-76
50-->src\main\AndroidManifest.xml:34:27-73
51
52                <data android:mimeType="text/plain" />
52-->src\main\AndroidManifest.xml:35:17-55
52-->src\main\AndroidManifest.xml:35:23-52
53            </intent-filter>
54        </activity>
55
56        <service
56-->src\main\AndroidManifest.xml:39:9-49:19
57            android:name="com.example.syncclipboard.UploadClipboardTileService"
57-->src\main\AndroidManifest.xml:40:13-55
58            android:exported="true"
58-->src\main\AndroidManifest.xml:42:13-36
59            android:permission="android.permission.BIND_QUICK_SETTINGS_TILE" >
59-->src\main\AndroidManifest.xml:41:13-77
60            <intent-filter>
60-->src\main\AndroidManifest.xml:43:13-45:29
61                <action android:name="android.service.quicksettings.action.QS_TILE" />
61-->src\main\AndroidManifest.xml:44:17-87
61-->src\main\AndroidManifest.xml:44:25-84
62            </intent-filter>
63
64            <meta-data
64-->src\main\AndroidManifest.xml:46:13-48:61
65                android:name="android.service.quicksettings.TITLE"
65-->src\main\AndroidManifest.xml:47:17-67
66                android:value="@string/tile_upload_title" />
66-->src\main\AndroidManifest.xml:48:17-58
67        </service>
68        <service
68-->src\main\AndroidManifest.xml:51:9-61:19
69            android:name="com.example.syncclipboard.DownloadClipboardTileService"
69-->src\main\AndroidManifest.xml:52:13-57
70            android:exported="true"
70-->src\main\AndroidManifest.xml:54:13-36
71            android:permission="android.permission.BIND_QUICK_SETTINGS_TILE" >
71-->src\main\AndroidManifest.xml:53:13-77
72            <intent-filter>
72-->src\main\AndroidManifest.xml:43:13-45:29
73                <action android:name="android.service.quicksettings.action.QS_TILE" />
73-->src\main\AndroidManifest.xml:44:17-87
73-->src\main\AndroidManifest.xml:44:25-84
74            </intent-filter>
75
76            <meta-data
76-->src\main\AndroidManifest.xml:46:13-48:61
77                android:name="android.service.quicksettings.TITLE"
77-->src\main\AndroidManifest.xml:47:17-67
78                android:value="@string/tile_download_title" />
78-->src\main\AndroidManifest.xml:48:17-58
79        </service>
80
81        <provider
81-->[androidx.emoji2:emoji2:1.3.0] AndroidManifest.xml:24:9-32:20
82            android:name="androidx.startup.InitializationProvider"
82-->[androidx.emoji2:emoji2:1.3.0] AndroidManifest.xml:25:13-67
83            android:authorities="com.example.syncclipboard.androidx-startup"
83-->[androidx.emoji2:emoji2:1.3.0] AndroidManifest.xml:26:13-68
84            android:exported="false" >
84-->[androidx.emoji2:emoji2:1.3.0] AndroidManifest.xml:27:13-37
85            <meta-data
85-->[androidx.emoji2:emoji2:1.3.0] AndroidManifest.xml:29:13-31:52
86                android:name="androidx.emoji2.text.EmojiCompatInitializer"
86-->[androidx.emoji2:emoji2:1.3.0] AndroidManifest.xml:30:17-75
87                android:value="androidx.startup" />
87-->[androidx.emoji2:emoji2:1.3.0] AndroidManifest.xml:31:17-49
88            <meta-data
88-->[androidx.lifecycle:lifecycle-process:2.6.2] AndroidManifest.xml:29:13-31:52
89                android:name="androidx.lifecycle.ProcessLifecycleInitializer"
89-->[androidx.lifecycle:lifecycle-process:2.6.2] AndroidManifest.xml:30:17-78
90                android:value="androidx.startup" />
90-->[androidx.lifecycle:lifecycle-process:2.6.2] AndroidManifest.xml:31:17-49
91            <meta-data
91-->[androidx.profileinstaller:profileinstaller:1.3.1] AndroidManifest.xml:29:13-31:52
92                android:name="androidx.profileinstaller.ProfileInstallerInitializer"
92-->[androidx.profileinstaller:profileinstaller:1.3.1] AndroidManifest.xml:30:17-85
93                android:value="androidx.startup" />
93-->[androidx.profileinstaller:profileinstaller:1.3.1] AndroidManifest.xml:31:17-49
94        </provider>
95
96        <receiver
96-->[androidx.profileinstaller:profileinstaller:1.3.1] AndroidManifest.xml:34:9-52:20
97            android:name="androidx.profileinstaller.ProfileInstallReceiver"
97-->[androidx.profileinstaller:profileinstaller:1.3.1] AndroidManifest.xml:35:13-76
98            android:directBootAware="false"
98-->[androidx.profileinstaller:profileinstaller:1.3.1] AndroidManifest.xml:36:13-44
99            android:enabled="true"
99-->[androidx.profileinstaller:profileinstaller:1.3.1] AndroidManifest.xml:37:13-35
100            android:exported="true"
100-->[androidx.profileinstaller:profileinstaller:1.3.1] AndroidManifest.xml:38:13-36
101            android:permission="android.permission.DUMP" >
101-->[androidx.profileinstaller:profileinstaller:1.3.1] AndroidManifest.xml:39:13-57
102            <intent-filter>
102-->[androidx.profileinstaller:profileinstaller:1.3.1] AndroidManifest.xml:40:13-42:29
103                <action android:name="androidx.profileinstaller.action.INSTALL_PROFILE" />
103-->[androidx.profileinstaller:profileinstaller:1.3.1] AndroidManifest.xml:41:17-91
103-->[androidx.profileinstaller:profileinstaller:1.3.1] AndroidManifest.xml:41:25-88
104            </intent-filter>
105            <intent-filter>
105-->[androidx.profileinstaller:profileinstaller:1.3.1] AndroidManifest.xml:43:13-45:29
106                <action android:name="androidx.profileinstaller.action.SKIP_FILE" />
106-->[androidx.profileinstaller:profileinstaller:1.3.1] AndroidManifest.xml:44:17-85
106-->[androidx.profileinstaller:profileinstaller:1.3.1] AndroidManifest.xml:44:25-82
107            </intent-filter>
108            <intent-filter>
108-->[androidx.profileinstaller:profileinstaller:1.3.1] AndroidManifest.xml:46:13-48:29
109                <action android:name="androidx.profileinstaller.action.SAVE_PROFILE" />
109-->[androidx.profileinstaller:profileinstaller:1.3.1] AndroidManifest.xml:47:17-88
109-->[androidx.profileinstaller:profileinstaller:1.3.1] AndroidManifest.xml:47:25-85
110            </intent-filter>
111            <intent-filter>
111-->[androidx.profileinstaller:profileinstaller:1.3.1] AndroidManifest.xml:49:13-51:29
112                <action android:name="androidx.profileinstaller.action.BENCHMARK_OPERATION" />
112-->[androidx.profileinstaller:profileinstaller:1.3.1] AndroidManifest.xml:50:17-95
112-->[androidx.profileinstaller:profileinstaller:1.3.1] AndroidManifest.xml:50:25-92
113            </intent-filter>
114        </receiver>
115    </application>
116
117</manifest>